<?xml version="1.0" encoding="UTF-8"?>
<robot generator="Robot 3.1.2 (Python 3.8.2 on win32)" generated="20200428 16:27:32.088" rpa="false">
<suite id="s1" name="RobotProj" source="C:\Users\Anum Zargar\eclipse-workspace\RobotProj">
<suite id="s1-s1" name="TestSuite" source="C:\Users\Anum Zargar\eclipse-workspace\RobotProj\TestSuite">
<suite id="s1-s1-s1" name="TestSuite1" source="C:\Users\Anum Zargar\eclipse-workspace\RobotProj\TestSuite\TestSuite1.robot">
<test id="s1-s1-s1-t1" name="MyFirstTest">
<kw name="Log" library="BuiltIn">
<doc>Logs the given message with the given level.</doc>
<arguments>
<arg>hello World</arg>
</arguments>
<msg timestamp="20200428 16:27:32.489" level="INFO">hello World</msg>
<status status="PASS" starttime="20200428 16:27:32.483" endtime="20200428 16:27:32.490"></status>
</kw>
<kw name="Set Tags" library="BuiltIn">
<doc>Adds given ``tags`` for the current test or all tests in a suite.</doc>
<arguments>
<arg>regression1</arg>
</arguments>
<msg timestamp="20200428 16:27:32.491" level="INFO">Set tag 'regression1'.</msg>
<status status="PASS" starttime="20200428 16:27:32.491" endtime="20200428 16:27:32.492"></status>
</kw>
<tags>
<tag>regression1</tag>
<tag>smoke</tag>
</tags>
<status status="PASS" starttime="20200428 16:27:32.482" endtime="20200428 16:27:32.492" critical="yes"></status>
</test>
<test id="s1-s1-s1-t2" name="FirstSeleniumTest">
<kw name="Open Browser" library="SeleniumLibrary">
<doc>Opens a new browser instance to the optional ``url``.</doc>
<arguments>
<arg>https://www.google.com/</arg>
<arg>chrome</arg>
</arguments>
<msg timestamp="20200428 16:27:32.493" level="INFO">Opening browser 'chrome' to base url 'https://www.google.com/'.</msg>
<status status="PASS" starttime="20200428 16:27:32.493" endtime="20200428 16:27:38.945"></status>
</kw>
<kw name="Input Text" library="SeleniumLibrary">
<doc>Types the given ``text`` into the text field identified by ``locator``.</doc>
<arguments>
<arg>name = q</arg>
<arg>Automation</arg>
</arguments>
<msg timestamp="20200428 16:27:38.947" level="INFO">Typing text 'Automation' into text field 'name = q'.</msg>
<status status="PASS" starttime="20200428 16:27:38.946" endtime="20200428 16:27:39.317"></status>
</kw>
<kw name="Close Browser" library="SeleniumLibrary">
<doc>Closes the current browser.</doc>
<status status="PASS" starttime="20200428 16:27:39.318" endtime="20200428 16:27:41.647"></status>
</kw>
<status status="PASS" starttime="20200428 16:27:32.492" endtime="20200428 16:27:41.648" critical="yes"></status>
</test>
<test id="s1-s1-s1-t3" name="SampleLoginTest">
<kw name="Open Browser" library="SeleniumLibrary">
<doc>Opens a new browser instance to the optional ``url``.</doc>
<arguments>
<arg>${URL}</arg>
<arg>chrome</arg>
</arguments>
<msg timestamp="20200428 16:27:41.651" level="INFO">Opening browser 'chrome' to base url 'https://opensource-demo.orangehrmlive.com/'.</msg>
<status status="PASS" starttime="20200428 16:27:41.650" endtime="20200428 16:27:48.650"></status>
</kw>
<kw name="Set Browser Implicit Wait" library="SeleniumLibrary">
<doc>Sets the implicit wait value used by Selenium.</doc>
<arguments>
<arg>5</arg>
</arguments>
<status status="PASS" starttime="20200428 16:27:48.650" endtime="20200428 16:27:48.653"></status>
</kw>
<kw name="Input Text" library="SeleniumLibrary">
<doc>Types the given ``text`` into the text field identified by ``locator``.</doc>
<arguments>
<arg>id=txtUsername</arg>
<arg>admin</arg>
</arguments>
<msg timestamp="20200428 16:27:48.654" level="INFO">Typing text 'admin' into text field 'id=txtUsername'.</msg>
<status status="PASS" starttime="20200428 16:27:48.654" endtime="20200428 16:27:48.803"></status>
</kw>
<kw name="Input Text" library="SeleniumLibrary">
<doc>Types the given ``text`` into the text field identified by ``locator``.</doc>
<arguments>
<arg>id=txtPassword</arg>
<arg>admin123</arg>
</arguments>
<msg timestamp="20200428 16:27:48.804" level="INFO">Typing text 'admin123' into text field 'id=txtPassword'.</msg>
<status status="PASS" starttime="20200428 16:27:48.804" endtime="20200428 16:27:48.937"></status>
</kw>
<kw name="Click Button" library="SeleniumLibrary">
<doc>Clicks the button identified by ``locator``.</doc>
<arguments>
<arg>id=btnLogin</arg>
</arguments>
<msg timestamp="20200428 16:27:48.938" level="INFO">Clicking button 'id=btnLogin'.</msg>
<status status="PASS" starttime="20200428 16:27:48.937" endtime="20200428 16:27:50.027"></status>
</kw>
<kw name="Click Element" library="SeleniumLibrary">
<doc>Click the element identified by ``locator``.</doc>
<arguments>
<arg>id=welcome</arg>
</arguments>
<msg timestamp="20200428 16:27:50.028" level="INFO">Clicking element 'id=welcome'.</msg>
<status status="PASS" starttime="20200428 16:27:50.028" endtime="20200428 16:27:50.525"></status>
</kw>
<kw name="Click Element" library="SeleniumLibrary">
<doc>Click the element identified by ``locator``.</doc>
<arguments>
<arg>link =Logout</arg>
</arguments>
<msg timestamp="20200428 16:27:50.526" level="INFO">Clicking element 'link =Logout'.</msg>
<status status="PASS" starttime="20200428 16:27:50.526" endtime="20200428 16:27:50.978"></status>
</kw>
<kw name="Close Browser" library="SeleniumLibrary">
<doc>Closes the current browser.</doc>
<status status="PASS" starttime="20200428 16:27:50.980" endtime="20200428 16:27:53.358"></status>
</kw>
<kw name="Log" library="BuiltIn">
<doc>Logs the given message with the given level.</doc>
<arguments>
<arg>Test Completed</arg>
</arguments>
<msg timestamp="20200428 16:27:53.360" level="INFO">Test Completed</msg>
<status status="PASS" starttime="20200428 16:27:53.359" endtime="20200428 16:27:53.360"></status>
</kw>
<doc>This is login</doc>
<status status="PASS" starttime="20200428 16:27:41.649" endtime="20200428 16:27:53.361" critical="yes"></status>
</test>
<status status="PASS" starttime="20200428 16:27:32.176" endtime="20200428 16:27:53.363"></status>
</suite>
<status status="PASS" starttime="20200428 16:27:32.171" endtime="20200428 16:27:53.370"></status>
</suite>
<status status="PASS" starttime="20200428 16:27:32.138" endtime="20200428 16:27:53.374"></status>
</suite>
<statistics>
<total>
<stat pass="3" fail="0">Critical Tests</stat>
<stat pass="3" fail="0">All Tests</stat>
</total>
<tag>
<stat pass="1" fail="0">regression1</stat>
<stat pass="1" fail="0">smoke</stat>
</tag>
<suite>
<stat pass="3" fail="0" id="s1" name="RobotProj">RobotProj</stat>
<stat pass="3" fail="0" id="s1-s1" name="TestSuite">RobotProj.TestSuite</stat>
<stat pass="3" fail="0" id="s1-s1-s1" name="TestSuite1">RobotProj.TestSuite.TestSuite1</stat>
</suite>
</statistics>
<errors>
</errors>
</robot>
